<?xml version="1.0" encoding="UTF-8"?>
<testsuite xmlns:xsi="http://www.w3.org/2001/XMLSchema-instance" xsi:noNamespaceSchemaLocation="https://maven.apache.org/surefire/maven-surefire-plugin/xsd/surefire-test-report-3.0.xsd" version="3.0" name="com.example.CalculatorTest$NegativeNumberTests" time="0.021" tests="21" errors="0" skipped="1" failures="0">
  <properties>
[...]
</properties>
  <testcase name="testAddition" classname="com.example.CalculatorTest" time="0.038">
    <system-out><![CDATA[=== Starting Calculator Test Suite ===
Test #1 starting...
Test #1 completed.
]]></system-out>
  </testcase>
  <testcase name="testSubtraction" classname="com.example.CalculatorTest" time="0.0">
    <system-out><![CDATA[Test #2 starting...
Test #2 completed.
]]></system-out>
  </testcase>
  <testcase name="testMultiplication" classname="com.example.CalculatorTest" time="0.003">
    <system-out><![CDATA[Test #3 starting...
Test #3 completed.
]]></system-out>
  </testcase>
  <testcase name="testDivision" classname="com.example.CalculatorTest" time="0.003">
    <system-out><![CDATA[Test #4 starting...
Test #4 completed.
]]></system-out>
  </testcase>
  <testcase name="testDivisionByZero" classname="com.example.CalculatorTest" time="0.005">
    <system-out><![CDATA[Test #5 starting...
Test #5 completed.
]]></system-out>
  </testcase>
  <testcase name="testIsEven(int)[1]" classname="com.example.CalculatorTest" time="0.051">
    <system-out><![CDATA[Test #6 starting...
Test #6 completed.
]]></system-out>
  </testcase>
  <testcase name="testIsEven(int)[2]" classname="com.example.CalculatorTest" time="0.003">
    <system-out><![CDATA[Test #7 starting...
Test #7 completed.
]]></system-out>
  </testcase>
  <testcase name="testIsEven(int)[3]" classname="com.example.CalculatorTest" time="0.01">
    <system-out><![CDATA[Test #8 starting...
Test #8 completed.
]]></system-out>
  </testcase>
  <testcase name="testIsEven(int)[4]" classname="com.example.CalculatorTest" time="0.0">
    <system-out><![CDATA[Test #9 starting...
Test #9 completed.
]]></system-out>
  </testcase>
  <testcase name="testIsEven(int)[5]" classname="com.example.CalculatorTest" time="0.003">
    <system-out><![CDATA[Test #10 starting...
Test #10 completed.
]]></system-out>
  </testcase>
  <testcase name="testSquare(int, int)[1]" classname="com.example.CalculatorTest" time="0.012">
    <system-out><![CDATA[Test #11 starting...
Test #11 completed.
]]></system-out>
  </testcase>
  <testcase name="testSquare(int, int)[2]" classname="com.example.CalculatorTest" time="0.003">
    <system-out><![CDATA[Test #12 starting...
Test #12 completed.
]]></system-out>
  </testcase>
  <testcase name="testSquare(int, int)[3]" classname="com.example.CalculatorTest" time="0.0">
    <system-out><![CDATA[Test #13 starting...
Test #13 completed.
]]></system-out>
  </testcase>
  <testcase name="testSquare(int, int)[4]" classname="com.example.CalculatorTest" time="0.0">
    <system-out><![CDATA[Test #14 starting...
Test #14 completed.
]]></system-out>
  </testcase>
  <testcase name="testPerformance" classname="com.example.CalculatorTest" time="0.003">
    <system-out><![CDATA[Test #15 starting...
Test #15 completed.
]]></system-out>
  </testcase>
  <testcase name="testMultipleAssertions" classname="com.example.CalculatorTest" time="0.006">
    <system-out><![CDATA[Test #16 starting...
Test #16 completed.
]]></system-out>
  </testcase>
  <testcase name="testOnWindows" classname="com.example.CalculatorTest" time="0.003">
    <system-out><![CDATA[Test #17 starting...
Test #17 completed.
]]></system-out>
  </testcase>
  <testcase name="testComplexCalculation" classname="com.example.CalculatorTest" time="0.0">
    <skipped message="Not implemented yet"/>
  </testcase>
  <testcase name="testWithAssumptions" classname="com.example.CalculatorTest" time="0.003">
    <system-out><![CDATA[Test #18 starting...
Test #18 completed.
]]></system-out>
  </testcase>
  <testcase name="testAddNegative" classname="com.example.CalculatorTest$NegativeNumberTests" time="0.0">
    <system-out><![CDATA[Test #19 starting...
Test #19 completed.
]]></system-out>
  </testcase>
  <testcase name="testMultiplyNegative" classname="com.example.CalculatorTest$NegativeNumberTests" time="0.012">
    <system-out><![CDATA[Test #20 starting...
Test #20 completed.
]]></system-out>
  </testcase>
</testsuite>