<?xml version="1.0" encoding="UTF-8"?>
<testsuite xmlns:xsi="http://www.w3.org/2001/XMLSchema-instance" xsi:noNamespaceSchemaLocation="https://maven.apache.org/surefire/maven-surefire-plugin/xsd/surefire-test-report-3.0.xsd" version="3.0" name="com.example.ShoppingCartTest$EdgeCaseTests" time="0.045" tests="9" errors="0" skipped="0" failures="0">
  <properties>
[...]
</properties>
  <testcase name="test_AddMultipleItems_CalculatesTotal" classname="com.example.ShoppingCartTest" time="0.003"/>
  <testcase name="test_CheckoutEmptyCart_ThrowsException" classname="com.example.ShoppingCartTest" time="0.003"/>
  <testcase name="test_AddItemAfterCheckout_ThrowsException" classname="com.example.ShoppingCartTest" time="0.003"/>
  <testcase name="test_ClearCart_ResetsAllValues" classname="com.example.ShoppingCartTest" time="0.006"/>
  <testcase name="test_CheckoutWithItems_Success" classname="com.example.ShoppingCartTest" time="0.003"/>
  <testcase name="test_RemoveItem_UpdatesCartCorrectly" classname="com.example.ShoppingCartTest" time="0.0"/>
  <testcase name="test_AddItemToEmptyCart" classname="com.example.ShoppingCartTest" time="0.0"/>
  <testcase name="test_RemoveNonExistentItem" classname="com.example.ShoppingCartTest$EdgeCaseTests" time="0.003"/>
  <testcase name="test_AddItemWithZeroPrice" classname="com.example.ShoppingCartTest$EdgeCaseTests" time="0.03"/>
</testsuite>